removing MSA Honolulu, HI
removing MSA Anchorage, AK
removing MSA Fairbanks, AK
819 counties for 200 MSAs
FINAL OUTPUT
1	-73.9600096679	40.7324686497	302832	New York-Northern New Jersey-Long Island, NY-NJ-PA
2	-118.201942555	33.9922010762	183315	Los Angeles-Long Beach-Santa Ana, CA
3	-87.7939327061	41.8562984875	116577	Chicago-Joliet-Naperville, IL-IN-WI
4	-96.9416645337	32.8490154564	80170	Dallas-Fort Worth-Arlington, TX
5	-95.4146753108	29.7778032692	76711	Houston-Sugar Land-Baytown, TX
6	-75.2449059504	39.9418014846	94754	Philadelphia-Camden-Wilmington, PA-NJ-DE-MD
7	-77.1185556688	38.8947019678	118853	Washington-Arlington-Alexandria, DC-VA-MD-WV
8	-80.2272726457	26.0066300828	88402	Miami-Fort Lauderdale-Pompano Beach, FL
9	-84.3632678298	33.7813812663	114068	Atlanta-Sandy Springs-Marietta, GA
10	-71.099193855	42.395920335	66787	Boston-Cambridge-Quincy, MA-NH
11	-122.28017467	37.7535803072	70542	San Francisco-Oakland-Fremont, CA
12	-117.158138991	34.0445572424	53586	Riverside-San Bernardino-Ontario, CA
13	-83.2027492936	42.4477354737	58929	Detroit-Warren-Livonia, MI
14	-112.011941501	33.4530933837	40481	Phoenix-Mesa-Glendale, AZ
15	-122.288430895	47.5427655553	38163	Seattle-Tacoma-Bellevue, WA
16	-93.2589982055	44.9657968684	33639	Minneapolis-St. Paul-Bloomington, MN-WI
17	-117.150104208	32.8512308632	41044	San Diego-Carlsbad-San Marcos, CA
18	-82.5202779924	27.9912257389	28034	Tampa-St. Petersburg-Clearwater, FL
19	-90.3158920653	38.6640227413	31818	St. Louis, MO-IL
20	-76.6271613389	39.2728428189	53630	Baltimore-Towson, MD
21	-104.914862727	39.7346108743	25918	Denver-Aurora-Broomfield, CO
22	-79.9652949428	40.442751587	29226	Pittsburgh, PA
23	-122.677046928	45.5154785438	20929	Portland-Vancouver-Hillsboro, OR-WA
24	-98.4904451189	29.499797676	28067	San Antonio-New Braunfels, TX
25	-121.325858005	38.6334359459	22310	Sacramento--Arden-Arcade--Roseville, CA
26	-81.4354838356	28.4683562607	56245	Orlando-Kissimmee-Sanford, FL
27	-84.4828908765	39.1916856707	26582	Cincinnati-Middletown, OH-KY-IN
28	-81.6708980703	41.4538436746	33771	Cleveland-Elyria-Mentor, OH
29	-94.5948190538	39.0380720563	23302	Kansas City, MO-KS
30	-115.159937499	36.1143867017	51110	Las Vegas-Paradise, NV
31	-121.940224474	37.3302440138	24625	San Jose-Sunnyvale-Santa Clara, CA
32	-82.9596007281	40.0142913633	28347	Columbus, OH
33	-80.8454598569	35.2114341338	35898	Charlotte-Gastonia-Rock Hill, NC-SC
34	-97.7475505187	30.2829430279	31468	Austin-Round Rock-San Marcos, TX
35	-86.1569270349	39.8016704311	29147	Indianapolis-Carmel, IN
36	-76.3091716735	36.9187484768	32554	Virginia Beach-Norfolk-Newport News, VA-NC
37	-86.6905956563	36.1027442463	31486	Nashville-Davidson--Murfreesboro--Franklin, TN
38	-71.3650808739	41.7581326265	21523	Providence-New Bedford-Fall River, RI-MA
39	-88.0009779464	43.0606533426	19286	Milwaukee-Waukesha-West Allis, WI
40	-81.6057502434	30.2539191537	18248	Jacksonville, FL
41	-89.917003601	35.0921437947	23565	Memphis, TN-MS-AR
42	-85.6841511353	38.214877806	16953	Louisville/Jefferson County, KY-IN
43	-97.5180173751	35.4606548877	15628	Oklahoma City, OK
44	-77.464560518	37.5153384626	25881	Richmond, VA
45	-72.6402421645	41.7344174907	18074	Hartford-West Hartford-East Hartford, CT
46	-90.0991012153	29.9955321056	28193	New Orleans-Metairie-Kenner, LA
47	-78.6304547893	35.7800320261	22775	Raleigh-Cary, NC
48	-111.90582525	40.6837792097	12147	Salt Lake City, UT
49	-78.827323046	42.9454931605	14336	Buffalo-Niagara Falls, NY
50	-86.779464157	33.4790509184	17343	Birmingham-Hoover, AL
51	-77.5776446466	43.105603354	10188	Rochester, NY
52	-110.956062587	32.2247519815	9349	Tucson, AZ
54	-95.9184247583	36.1000931863	9487	Tulsa, OK
55	-119.816814332	36.7279038847	10440	Fresno, CA
56	-73.3690059617	41.193297184	16407	Bridgeport-Stamford-Norwalk, CT
57	-106.616536131	35.1120897876	7907	Albuquerque, NM
58	-96.021005725	41.2479051818	9357	Omaha-Council Bluffs, NE-IA
59	-73.8065942752	42.767817881	10310	Albany-Schenectady-Troy, NY
60	-72.9418689756	41.37727799	15872	New Haven-Milford, CT
61	-118.967446743	35.3332563783	7984	Bakersfield-Delano, CA
62	-84.1734145132	39.7732472781	11132	Dayton, OH
63	-119.032171835	34.2348130771	9289	Oxnard-Thousand Oaks-Ventura, CA
64	-75.3747105449	40.6928102095	10257	Allentown-Bethlehem-Easton, PA-NJ
65	-106.383713509	31.7867879851	8944	El Paso, TX
66	-91.0959305299	30.4370172553	14511	Baton Rouge, LA
67	-71.7937365827	42.2742510393	10315	Worcester, MA
68	-98.1789318647	26.2245585399	5530	McAllen-Edinburg-Mission, TX
69	-85.6065636642	42.9434668283	8404	Grand Rapids-Wyoming, MI
70	-81.0260729514	34.0392910795	15487	Columbia, SC
71	-79.8356239491	36.0567229122	14922	Greensboro-High Point, NC
72	-92.3348229061	34.7988014904	11071	Little Rock-North Little Rock-Conway, AR
73	-82.4981459903	27.3499862272	6270	North Port-Bradenton-Sarasota, FL
74	-84.0147089541	35.9439876476	10772	Knoxville, TN
75	-81.4604604648	41.1362225458	13574	Akron, OH
76	-121.310026524	37.9112356053	7342	Stockton, CA
77	-72.5726062322	42.2057297344	8522	Springfield, MA
78	-80.034002484	32.8954291996	11509	Charleston-North Charleston-Summerville, SC
79	-74.0677564644	41.5182514857	9995	Poughkeepsie-Newburgh-Middletown, NY
80	-76.1453550362	43.0914015495	7966	Syracuse, NY
81	-104.783155098	38.8645339011	5277	Colorado Springs, CO
82	-83.5793683551	41.5781505557	10244	Toledo, OH
83	-82.3801739536	34.7934182872	9686	Greenville-Mauldin-Easley, SC
84	-81.8689076537	26.5389391996	5936	Cape Coral-Fort Myers, FL
85	-116.333883439	43.611583021	3371	Boise City-Nampa, ID
86	-97.3003838401	37.6939814362	6350	Wichita, KS
87	-81.782536847	28.0812533569	6889	Lakeland-Winter Haven, FL
88	-93.6827525228	41.6043187541	7672	Des Moines-West Des Moines, IA
89	-89.4072159198	43.0994631338	6893	Madison, WI
90	-75.8001665383	41.2958102992	5719	Scranton--Wilkes-Barre, PA
91	-80.6416810238	41.1403778379	8342	Youngstown-Warren-Boardman, OH-PA
92	-82.0178986623	33.4778160848	8316	Augusta-Richmond County, GA-SC
93	-111.957223743	41.085794137	3076	Ogden-Clearfield, UT
94	-76.9253678874	40.2547948553	8226	Harrisburg-Carlisle, PA
95	-90.1696600322	32.3047954562	11056	Jackson, MS
96	-80.679293415	28.2644204204	6383	Palm Bay-Melbourne-Titusville, FL
97	-111.724191603	40.2648301218	3746	Provo-Orem, UT
98	-85.2663488454	35.0376690127	7618	Chattanooga, TN-GA
99	-76.2951167335	40.0757213012	5019	Lancaster, PA
100	-120.983651136	37.61557651	4950	Modesto, CA
101	-70.3996122636	43.5854318158	5625	Portland-South Portland-Biddeford, ME
102	-78.9683656185	35.9655447091	12509	Durham-Chapel Hill, NC
103	-81.0869585178	29.1264586637	7943	Deltona-Daytona Beach-Ormond Beach, FL
104	-122.701765498	38.3928802154	3662	Santa Rosa-Petaluma, CA
105	-80.2899244896	36.1021770536	7395	Winston-Salem, NC
106	-84.495158373	38.0417466089	9167	Lexington-Fayette, KY
107	-94.1951962657	36.1807291209	5400	Fayetteville-Springdale-Rogers, AR-MO
108	-117.400174151	47.6587917655	2967	Spokane, WA
109	-84.530266682	42.7178316277	8536	Lansing-East Lansing, MI
110	-87.2010782556	30.4593832958	5840	Pensacola-Ferry Pass-Brent, FL
111	-119.271967206	36.2712393712	3343	Visalia-Porterville, CA
112	-93.2769625538	37.2012688623	4602	Springfield, MO
113	-76.7695407039	39.9609375806	4199	York-Hanover, PA
114	-97.3798025745	27.7822029152	4730	Corpus Christi, TX
115	-119.796305534	39.5124475053	4079	Reno-Sparks, NV
116	-82.5901073045	35.5451280171	4446	Asheville, NC
117	-80.3368103867	27.2802743774	4657	Port St. Lucie, FL
118	-119.922862026	34.5265585923	5294	Santa Barbara-Santa Maria-Goleta, CA
119	-86.6774557731	34.7454915102	6803	Huntsville, AL
120	-83.6997459762	42.999106551	5205	Flint, MI
121	-121.681483822	36.5846080854	5037	Salinas, CA
122	-85.1517560753	41.0920711088	5075	Fort Wayne, IN
123	-122.086114937	38.2273622814	6333	Vallejo-Fairfield, CA
124	-97.4706839273	26.0612966991	3801	Brownsville-Harlingen, TX
125	-75.9144629708	40.3825117593	4290	Reading, PA
126	-88.1529973339	30.6806184711	6241	Mobile, AL
127	-97.6445044302	31.0991955059	4843	Killeen-Temple-Fort Hood, TX
128	-81.3771707589	40.8359673552	5085	Canton-Massillon, OH
129	-93.7561696823	32.4642658229	6922	Shreveport-Bossier City, LA
130	-71.4925224571	42.8740284765	3946	Manchester-Nashua, NH
131	-123.005335099	44.9674596564	3099	Salem, OR
132	-94.0608641027	30.0581549737	5248	Beaumont-Port Arthur, TX
134	-90.5084054646	41.5153473575	3494	Davenport-Moline-Rock Island, IA-IL
135	-89.5511751359	40.7144823711	2977	Peoria, IL
136	-86.2785032801	32.3756571887	7588	Montgomery, AL
137	-78.9494452626	35.0613442644	7502	Fayetteville, NC
138	-84.2971250299	30.4556086344	9068	Tallahassee, FL
139	-77.9728567443	34.1728214804	6716	Wilmington, NC
140	-74.6820908821	40.2512322059	8622	Trenton-Ewing, NJ
141	-81.3676507187	35.7444703715	2721	Hickory-Lenoir-Morganton, NC
142	-87.5450994927	37.9962861025	3992	Evansville, IN-KY
143	-81.148315154	32.052380676	7998	Savannah, GA
144	-123.103326046	44.0451424381	3229	Eugene-Springfield, OR
145	-89.0172211709	42.300196703	3121	Rockford, IL
146	-83.7085093184	42.2608407222	8379	Ann Arbor, MI
147	-82.1553514004	29.1704149703	3148	Ocala, FL
148	-85.6693944567	42.2709590096	5078	Kalamazoo-Portage, MI
149	-81.7046244508	26.1749540726	3692	Naples-Marco Island, FL
150	-86.211630206	41.7076235403	4205	South Bend-Mishawaka, IN-MI
151	-82.3679261457	36.5623163494	2825	Kingsport-Bristol-Bristol, TN-VA
152	-88.0398004019	44.5242967844	2401	Green Bay, WI
153	-79.9496575866	37.2735533978	3690	Roanoke, VA
154	-96.7007029145	40.8156167061	3904	Lincoln, NE
155	-105.119285764	40.5135107543	2930	Fort Collins-Loveland, CO
156	-81.7009735794	38.3571044854	4237	Charleston, WV
157	-84.951803737	32.4930594544	5698	Columbus, GA-AL
158	-94.3720862637	35.3768728448	2493	Fort Smith, AR-OK
159	-105.221666726	40.0311269872	4243	Boulder, CO
160	-75.2643141269	43.1206091594	2942	Utica-Rome, NY
161	-101.886926292	33.5663667366	3268	Lubbock, TX
162	-82.4883059765	38.435338311	3947	Huntington-Ashland, WV-KY-OH
163	-82.0125888214	34.9538696803	4759	Spartanburg, SC
164	-80.0861234878	42.0663152168	3276	Erie, PA
165	-92.233190933	46.9105173097	2391	Duluth, MN-WI
166	-87.4058193288	36.6336167781	3950	Clarksville, TN-KY
167	-91.9967201943	30.2209629396	4907	Lafayette, LA
168	-78.8735750323	33.742334494	12645	Myrtle Beach-North Myrtle Beach-Conway, SC
169	-74.5139577024	39.4003810459	9733	Atlantic City-Hammonton, NJ
170	-72.0840424363	41.4313398681	5335	Norwich-New London, CT
171	-120.682541001	35.3250359036	3148	San Luis Obispo-Paso Robles, CA
172	-77.8565749487	39.5706988094	4090	Hagerstown-Martinsburg, MD-WV
173	-82.3808418072	29.6608717482	5742	Gainesville, FL
174	-86.0054696434	42.9247679955	3154	Holland-Grand Haven, MI
175	-121.973251728	36.9817917519	3042	Santa Cruz-Watsonville, CA
176	-119.240288769	46.2449095839	1708	Kennewick-Pasco-Richland, WA
177	-91.6559803843	42.0082038097	2632	Cedar Rapids, IA
178	-120.675518516	37.2352603361	3001	Merced, CA
179	-104.804427999	40.3083978413	1813	Greeley, CO
180	-122.857024675	47.0059396596	2184	Olympia, WA
181	-99.4799132547	27.5518849139	1905	Laredo, TX
182	-122.624190747	47.6236313085	1695	Bremerton-Silverdale, WA
183	-79.226747151	37.3570482726	3337	Lynchburg, VA
184	-101.828810616	35.1673362846	2219	Amarillo, TX
185	-89.0876119232	30.4294977633	4504	Gulfport-Biloxi, MS
186	-75.9804158834	42.1184495882	2585	Binghamton, NY
187	-120.435667448	46.534764751	1436	Yakima, WA
188	-97.1529046389	31.5429747525	3723	Waco, TX
189	-95.7300858657	39.0339622015	2375	Topeka, KS
190	-83.7110254441	32.8628113137	4929	Macon, GA
191	-96.7631374293	43.5288615726	2436	Sioux Falls, SD
192	-88.249986012	40.128070332	4571	Champaign-Urbana, IL
193	-96.352835483	30.6301365507	4338	College Station-Bryan, TX
194	-88.3790888742	44.2669854397	1717	Appleton, WI
195	-87.5403432243	33.1719802606	6387	Tuscaloosa, AL
196	-121.771492208	39.6830393105	1565	Chico, CA
197	-94.8007059985	32.4513416049	2200	Longview, TX
198	-70.3140081665	41.7150116668	4521	Barnstable Town, MA
199	-106.743624358	32.2456198315	2021	Las Cruces, NM
200	-95.2987849103	32.3433250805	3067	Tyler, TX
201	-73.1638729662	44.5156684504	2480	Burlington-South Burlington, VT
202	-96.8213386784	46.8668972437	2520	Fargo, ND-MN
